<?xml version="1.0" encoding="UTF-8"?>
<!-- Generated by org.testng.reporters.JUnitReportReporter -->
<testsuite skipped="0" hostname="Vladimir" name="com.MainPageTest" tests="1" failures="0" timestamp="2020-09-03T16:54:31 IDT" time="16.901" errors="0">
  <testcase name="logoutPositiveTest" time="16.901" classname="com.MainPageTest"/>
</testsuite> <!-- com.MainPageTest -->
