<?xml version="1.0" encoding="UTF-8"?>
<!-- Generated by org.testng.reporters.JUnitReportReporter -->
<testsuite skipped="0" hostname="Vladimir" name="com.LoginPageTest" tests="9" failures="0" timestamp="2020-09-03T16:54:31 IDT" time="129.023" errors="0">
  <testcase name="loginPositiveTest" time="16.054" classname="com.LoginPageTest"/>
  <testcase name="loginPositiveRememberCheckBox1Test" time="22.647" classname="com.LoginPageTest"/>
  <testcase name="loginPageTitleTest" time="6.939" classname="com.LoginPageTest"/>
  <testcase name="loginPositiveRememberCheckBoxTest" time="23.102" classname="com.LoginPageTest"/>
  <testcase name="loginNegativeRememberCheckBoxTest" time="25.725" classname="com.LoginPageTest"/>
  <testcase name="loginNegativeCurrentAccountTest" time="9.595" classname="com.LoginPageTest"/>
  <testcase name="loginNegativeAnotherAccountTest" time="8.020" classname="com.LoginPageTest"/>
  <testcase name="loginNegativeWrongPasswordTest" time="9.198" classname="com.LoginPageTest"/>
  <testcase name="loginNegativeWrongLoginTest" time="7.743" classname="com.LoginPageTest"/>
</testsuite> <!-- com.LoginPageTest -->
